<?xml version="1.0" encoding="UTF-8"?>
<!-- Generated by org.testng.reporters.JUnitXMLReporter -->
<testsuite ignored="1" hostname="DESKTOP-CR1TGAA" failures="0" tests="2" name="Test" time="0.333" errors="0" timestamp="2020-01-05T22:18:42 IST">
  <testcase classname="com.hrms.testcase.admin.TestData" name="Test" time="0.119"/>
  <testcase classname="com.hrms.testcase.admin.TestData" name="test1" time="0.005"/>
  <testcase classname="com.hrms.testcase.admin.TestData" name="test2" time="0.0">
    <ignored/>
  </testcase> <!-- test2 -->
</testsuite> <!-- Test -->
