<?xml version="1.0" encoding="UTF-8"?>
<testng-results ignored="0" total="1" passed="1" failed="0" skipped="0">
  <reporter-output>
  </reporter-output>
  <suite started-at="2020-01-04T15:58:30 IST" name="Default suite" finished-at="2020-01-04T15:58:57 IST" duration-ms="26983">
    <groups>
    </groups>
    <test started-at="2020-01-04T15:58:30 IST" name="Default test" finished-at="2020-01-04T15:58:57 IST" duration-ms="26983">
      <class name="com.hrms.testcase.admin.LoginAdmin">
        <test-method is-config="true" signature="setup()[pri:0, instance:com.hrms.testcase.admin.LoginAdmin@4de4b452]" started-at="2020-01-04T15:58:30 IST" name="setup" finished-at="2020-01-04T15:58:46 IST" duration-ms="16373" status="PASS">
          <reporter-output>
          </reporter-output>
        </test-method> <!-- setup -->
        <test-method signature="AdminLogin()[pri:0, instance:com.hrms.testcase.admin.LoginAdmin@4de4b452]" started-at="2020-01-04T15:58:46 IST" name="AdminLogin" finished-at="2020-01-04T15:58:55 IST" duration-ms="9149" status="PASS">
          <reporter-output>
          </reporter-output>
        </test-method> <!-- AdminLogin -->
        <test-method is-config="true" signature="aftermethod()[pri:0, instance:com.hrms.testcase.admin.LoginAdmin@4de4b452]" started-at="2020-01-04T15:58:55 IST" name="aftermethod" finished-at="2020-01-04T15:58:56 IST" duration-ms="1269" status="PASS">
          <reporter-output>
          </reporter-output>
        </test-method> <!-- aftermethod -->
      </class> <!-- com.hrms.testcase.admin.LoginAdmin -->
    </test> <!-- Default test -->
  </suite> <!-- Default suite -->
</testng-results>
