<?xml version="1.0" encoding="UTF-8"?>
<testng-results ignored="1" total="2" passed="1" failed="0" skipped="0">
  <reporter-output>
  </reporter-output>
  <suite started-at="2020-01-05T23:22:15 IST" name="TestSuite" finished-at="2020-01-05T23:22:35 IST" duration-ms="19428">
    <groups>
      <group name="Regression">
        <method signature="LoginAdmin.AdminLogin()[pri:0, instance:com.hrms.testcase.admin.LoginAdmin@f5958c9]" name="AdminLogin" class="com.hrms.testcase.admin.LoginAdmin"/>
      </group> <!-- Regression -->
      <group name="Smoke">
        <method signature="LoginAdmin.AdminLogin()[pri:0, instance:com.hrms.testcase.admin.LoginAdmin@f5958c9]" name="AdminLogin" class="com.hrms.testcase.admin.LoginAdmin"/>
      </group> <!-- Smoke -->
    </groups>
    <test started-at="2020-01-05T23:22:15 IST" name="testng" finished-at="2020-01-05T23:22:35 IST" duration-ms="19428">
      <class name="com.hrms.testcase.admin.LoginAdmin">
        <test-method is-config="true" signature="setup()[pri:0, instance:com.hrms.testcase.admin.LoginAdmin@f5958c9]" started-at="2020-01-05T23:22:15 IST" name="setup" finished-at="2020-01-05T23:22:29 IST" duration-ms="13596" status="PASS">
          <reporter-output>
          </reporter-output>
        </test-method> <!-- setup -->
        <test-method signature="AdminLogin()[pri:0, instance:com.hrms.testcase.admin.LoginAdmin@f5958c9]" started-at="2020-01-05T23:22:29 IST" name="AdminLogin" finished-at="2020-01-05T23:22:33 IST" duration-ms="4340" status="PASS">
          <reporter-output>
          </reporter-output>
        </test-method> <!-- AdminLogin -->
        <test-method is-config="true" signature="closeBrowser()[pri:0, instance:com.hrms.testcase.admin.LoginAdmin@f5958c9]" started-at="2020-01-05T23:22:33 IST" name="closeBrowser" finished-at="2020-01-05T23:22:35 IST" duration-ms="1305" status="PASS">
          <reporter-output>
          </reporter-output>
        </test-method> <!-- closeBrowser -->
      </class> <!-- com.hrms.testcase.admin.LoginAdmin -->
    </test> <!-- testng -->
  </suite> <!-- TestSuite -->
</testng-results>
