<?xml version="1.0" encoding="UTF-8"?>
<!-- Generated by org.testng.reporters.JUnitXMLReporter -->
<testsuite ignored="1" hostname="DESKTOP-CR1TGAA" failures="0" tests="1" name="testng" time="19.428" errors="0" timestamp="2020-01-05T23:22:35 IST">
  <testcase classname="com.hrms.testcase.admin.LoginAdmin" name="AdminLogin" time="4.34"/>
  <testcase classname="com.hrms.testcase.admin.LoginAdmin" name="FalseAdminLogin" time="0.0">
    <ignored/>
  </testcase> <!-- FalseAdminLogin -->
</testsuite> <!-- testng -->
