<?xml version="1.0" encoding="UTF-8"?>
<!-- Generated by org.testng.reporters.JUnitXMLReporter -->
<testsuite ignored="0" hostname="DESKTOP-CR1TGAA" failures="1" tests="3" name="testng" time="46.87" errors="0" timestamp="2020-01-10T22:30:48 IST">
  <testcase classname="com.hrms.testcase.admin.LoginAdmin" name="AdminLogin" time="20.699"/>
  <testcase classname="com.hrms.testcase.admin.LoginAdmin" name="FalseAdminLogin" time="6.616">
    <skipped/>
  </testcase> <!-- FalseAdminLogin -->
  <testcase classname="com.hrms.testcase.admin.LoginAdmin" name="FalseAdminLogin" time="15.45">
    <failure type="java.lang.AssertionError" message="expected [http://localhost/erms/erms/admin/] but found [http://localhost/erms/erms/admin/welcome.php]">
      <![CDATA[java.lang.AssertionError: expected [http://localhost/erms/erms/admin/] but found [http://localhost/erms/erms/admin/welcome.php]
at com.hrms.testcase.admin.LoginAdmin.FalseAdminLogin(LoginAdmin.java:53)
at java.base/java.util.ArrayList.forEach(ArrayList.java:1540)
... Removed 32 stack frames]]>
    </failure>
  </testcase> <!-- FalseAdminLogin -->
</testsuite> <!-- testng -->
